INFO      2023-11-28 22:57:40,321 rtScreen <module> 391 start rtScreen 2023-11-28 22:57:40 MainThread
INFO      2023-11-28 22:57:41,284 rtScreen start 371 Starting processing snapshot MainThread
INFO      2023-11-28 22:58:05,829 rt_edit saveOption 260 template changed: template2.json MainThread
INFO      2023-11-28 22:58:05,831 rt_edit saveOption 278 saved MainThread
INFO      2023-11-28 22:58:07,810 rtScreen <module> 391 start rtScreen 2023-11-28 22:58:07 MainThread
INFO      2023-11-28 22:58:08,208 rtScreen start 371 Starting processing snapshot MainThread
INFO      2023-11-28 22:58:42,775 rt_edit saveOption 278 saved MainThread
INFO      2023-11-28 22:58:46,640 rt_edit exitProgramOpt 41 destroy root MainThread
INFO      2023-11-28 22:58:46,642 rtScreen cancel 383 Stopping snapshot MainThread
INFO      2023-11-28 22:58:58,970 rtScreen <module> 391 start rtScreen 2023-11-28 22:58:58 MainThread
INFO      2023-11-28 22:58:59,285 rtScreen start 371 Starting processing snapshot MainThread
INFO      2023-11-28 23:01:24,069 rtScreen cancel 383 Stopping snapshot MainThread
INFO      2023-11-28 23:04:23,154 rtScreen <module> 391 start rtScreen 2023-11-28 23:04:23 MainThread
INFO      2023-11-28 23:04:23,440 rtScreen start 371 Starting processing snapshot MainThread
INFO      2023-11-28 23:09:27,341 rt_edit exitProgramOpt 41 destroy root MainThread
INFO      2023-11-28 23:09:27,343 rtScreen cancel 383 Stopping snapshot MainThread
INFO      2023-11-28 23:10:02,279 rtScreen <module> 392 start rtScreen 2023-11-28 23:10:02 MainThread
INFO      2023-11-28 23:10:02,643 rtScreen start 372 Starting processing snapshot MainThread
INFO      2023-11-28 23:10:35,503 rt_edit saveOption 261 template changed: template3.json MainThread
INFO      2023-11-28 23:10:35,505 rt_edit saveOption 279 saved MainThread
INFO      2023-11-28 23:10:37,402 rtScreen <module> 392 start rtScreen 2023-11-28 23:10:37 MainThread
INFO      2023-11-28 23:10:37,580 rtScreen start 372 Starting processing snapshot MainThread
INFO      2023-11-28 23:11:03,816 rtScreen <module> 392 start rtScreen 2023-11-28 23:11:03 MainThread
INFO      2023-11-28 23:11:03,971 rtScreen start 372 Starting processing snapshot MainThread
INFO      2023-11-28 23:11:20,490 rt_edit saveOption 261 template changed: template5.json MainThread
INFO      2023-11-28 23:11:20,492 rt_edit saveOption 279 saved MainThread
INFO      2023-11-28 23:11:22,511 rtScreen <module> 392 start rtScreen 2023-11-28 23:11:22 MainThread
INFO      2023-11-28 23:11:22,758 rtScreen start 372 Starting processing snapshot MainThread
INFO      2023-11-28 23:13:58,753 rt_edit saveOption 261 template changed: template20.json MainThread
INFO      2023-11-28 23:13:58,756 rt_edit saveOption 279 saved MainThread
INFO      2023-11-28 23:14:00,714 rtScreen <module> 392 start rtScreen 2023-11-28 23:14:00 MainThread
INFO      2023-11-28 23:14:01,140 rtScreen start 372 Starting processing snapshot MainThread
INFO      2023-11-28 23:14:22,902 rt_edit saveOption 261 template changed: template21.json MainThread
INFO      2023-11-28 23:14:22,903 rt_edit saveOption 279 saved MainThread
INFO      2023-11-28 23:14:24,790 rtScreen <module> 392 start rtScreen 2023-11-28 23:14:24 MainThread
INFO      2023-11-28 23:14:25,125 rtScreen start 372 Starting processing snapshot MainThread
INFO      2023-11-28 23:15:05,975 rt_edit saveOption 261 template changed: template1.json MainThread
INFO      2023-11-28 23:15:05,978 rt_edit saveOption 279 saved MainThread
INFO      2023-11-28 23:15:07,910 rtScreen <module> 392 start rtScreen 2023-11-28 23:15:07 MainThread
INFO      2023-11-28 23:15:08,095 rtScreen start 372 Starting processing snapshot MainThread
INFO      2023-11-28 23:15:31,558 rtScreen cancel 384 Stopping snapshot MainThread
